# JRE version: OpenJDK Runtime Environment (17.0.7) (build 17.0.7+0-b2043.56-10550314)
# Java VM: OpenJDK 64-Bit Server VM (17.0.7+0-b2043.56-10550314, mixed mode, tiered, compressed oops, compressed class ptrs, g1 gc, windows-amd64)
GC Precious Log:
 CPUs: 8 total, 8 available
 Memory: 15809M
 Large Page Support: Disabled
 NUMA Support: Disabled
 Compressed Oops: Enabled (32-bit)
 Heap Region Size: 1M
 Heap Min Capacity: 8M
 Heap Initial Capacity: 248M
 Heap Max Capacity: 2G
 Pre-touch: Disabled
 Parallel Workers: 8
 Concurrent Workers: 2
 Concurrent Refinement Workers: 8
 Periodic GC: Disabled
Heap:
 garbage-first heap   total 271360K, used 188486K [0x0000000080000000, 0x0000000100000000)
  region size 1024K, 6 young (6144K), 6 survivors (6144K)
 Metaspace       used 142066K, committed 142848K, reserved 1179648K
  class space    used 18412K, committed 18816K, reserved 1048576K
GC Heap History (20 events):
Event: 38.835 GC heap after
{Heap after GC invocations=56 (full 0):
 garbage-first heap   total 229376K, used 146146K [0x0000000080000000, 0x0000000100000000)
  region size 1024K, 7 young (7168K), 7 survivors (7168K)
 Metaspace       used 127385K, committed 128000K, reserved 1179648K
  class space    used 16478K, committed 16768K, reserved 1048576K
}
Event: 38.978 GC heap before
{Heap before GC invocations=56 (full 0):
 garbage-first heap   total 229376K, used 149218K [0x0000000080000000, 0x0000000100000000)
  region size 1024K, 11 young (11264K), 7 survivors (7168K)
 Metaspace       used 127819K, committed 128512K, reserved 1179648K
  class space    used 16550K, committed 16832K, reserved 1048576K
}
Event: 38.983 GC heap after
{Heap after GC invocations=57 (full 0):
 garbage-first heap   total 229376K, used 139759K [0x0000000080000000, 0x0000000100000000)
  region size 1024K, 1 young (1024K), 1 survivors (1024K)
 Metaspace       used 127819K, committed 128512K, reserved 1179648K
  class space    used 16550K, committed 16832K, reserved 1048576K
}
Event: 40.491 GC heap before
{Heap before GC invocations=57 (full 0):
 garbage-first heap   total 229376K, used 187887K [0x0000000080000000, 0x0000000100000000)
  region size 1024K, 47 young (48128K), 1 survivors (1024K)
 Metaspace       used 133302K, committed 134080K, reserved 1179648K
  class space    used 17264K, committed 17600K, reserved 1048576K
}
Event: 40.497 GC heap after
{Heap after GC invocations=58 (full 0):
 garbage-first heap   total 229376K, used 142563K [0x0000000080000000, 0x0000000100000000)
  region size 1024K, 3 young (3072K), 3 survivors (3072K)
 Metaspace       used 133302K, committed 134080K, reserved 1179648K
  class space    used 17264K, committed 17600K, reserved 1048576K
}
Event: 41.535 GC heap before
{Heap before GC invocations=58 (full 0):
 garbage-first heap   total 229376K, used 194787K [0x0000000080000000, 0x0000000100000000)
  region size 1024K, 49 young (50176K), 3 survivors (3072K)
 Metaspace       used 135936K, committed 136640K, reserved 1179648K
  class space    used 17629K, committed 17920K, reserved 1048576K
}
Event: 41.544 GC heap after
{Heap after GC invocations=59 (full 0):
 garbage-first heap   total 229376K, used 146057K [0x0000000080000000, 0x0000000100000000)
  region size 1024K, 7 young (7168K), 7 survivors (7168K)
 Metaspace       used 135936K, committed 136640K, reserved 1179648K
  class space    used 17629K, committed 17920K, reserved 1048576K
}
Event: 42.857 GC heap before
{Heap before GC invocations=59 (full 0):
 garbage-first heap   total 229376K, used 195209K [0x0000000080000000, 0x0000000100000000)
  region size 1024K, 51 young (52224K), 7 survivors (7168K)
 Metaspace       used 139240K, committed 139968K, reserved 1179648K
  class space    used 18113K, committed 18432K, reserved 1048576K
}
Event: 42.871 GC heap after
{Heap after GC invocations=60 (full 0):
 garbage-first heap   total 229376K, used 153706K [0x0000000080000000, 0x0000000100000000)
  region size 1024K, 4 young (4096K), 4 survivors (4096K)
 Metaspace       used 139240K, committed 139968K, reserved 1179648K
  class space    used 18113K, committed 18432K, reserved 1048576K
}
Event: 44.138 GC heap before
{Heap before GC invocations=60 (full 0):
 garbage-first heap   total 229376K, used 194666K [0x0000000080000000, 0x0000000100000000)
  region size 1024K, 44 young (45056K), 4 survivors (4096K)
 Metaspace       used 141329K, committed 142208K, reserved 1179648K
  class space    used 18385K, committed 18816K, reserved 1048576K
}
Event: 44.148 GC heap after
{Heap after GC invocations=61 (full 0):
 garbage-first heap   total 229376K, used 155776K [0x0000000080000000, 0x0000000100000000)
  region size 1024K, 6 young (6144K), 6 survivors (6144K)
 Metaspace       used 141329K, committed 142208K, reserved 1179648K
  class space    used 18385K, committed 18816K, reserved 1048576K
}
Event: 44.774 GC heap before
{Heap before GC invocations=62 (full 0):
 garbage-first heap   total 271360K, used 191616K [0x0000000080000000, 0x0000000100000000)
  region size 1024K, 41 young (41984K), 6 survivors (6144K)
 Metaspace       used 141417K, committed 142272K, reserved 1179648K
  class space    used 18386K, committed 18816K, reserved 1048576K
}
Event: 44.796 GC heap after
{Heap after GC invocations=63 (full 0):
 garbage-first heap   total 271360K, used 165848K [0x0000000080000000, 0x0000000100000000)
  region size 1024K, 6 young (6144K), 6 survivors (6144K)
 Metaspace       used 141417K, committed 142272K, reserved 1179648K
  class space    used 18386K, committed 18816K, reserved 1048576K
}
Event: 44.825 GC heap before
{Heap before GC invocations=63 (full 0):
 garbage-first heap   total 271360K, used 171992K [0x0000000080000000, 0x0000000100000000)
  region size 1024K, 13 young (13312K), 6 survivors (6144K)
 Metaspace       used 141417K, committed 142272K, reserved 1179648K
  class space    used 18386K, committed 18816K, reserved 1048576K
}
Event: 44.838 GC heap after
{Heap after GC invocations=64 (full 0):
 garbage-first heap   total 271360K, used 166818K [0x0000000080000000, 0x0000000100000000)
  region size 1024K, 2 young (2048K), 2 survivors (2048K)
 Metaspace       used 141417K, committed 142272K, reserved 1179648K
  class space    used 18386K, committed 18816K, reserved 1048576K
}
Event: 45.542 GC heap before
{Heap before GC invocations=64 (full 0):
 garbage-first heap   total 271360K, used 222114K [0x0000000080000000, 0x0000000100000000)
  region size 1024K, 55 young (56320K), 2 survivors (2048K)
 Metaspace       used 141538K, committed 142400K, reserved 1179648K
  class space    used 18387K, committed 18816K, reserved 1048576K
}
Event: 45.563 GC heap after
{Heap after GC invocations=65 (full 0):
 garbage-first heap   total 271360K, used 179200K [0x0000000080000000, 0x0000000100000000)
  region size 1024K, 7 young (7168K), 7 survivors (7168K)
 Metaspace       used 141538K, committed 142400K, reserved 1179648K
  class space    used 18387K, committed 18816K, reserved 1048576K
}
Event: 46.015 GC heap before
{Heap before GC invocations=65 (full 0):
 garbage-first heap   total 271360K, used 223232K [0x0000000080000000, 0x0000000100000000)
  region size 1024K, 50 young (51200K), 7 survivors (7168K)
 Metaspace       used 141629K, committed 142464K, reserved 1179648K
  class space    used 18387K, committed 18816K, reserved 1048576K
}
Event: 46.029 GC heap after
{Heap after GC invocations=66 (full 0):
 garbage-first heap   total 271360K, used 183137K [0x0000000080000000, 0x0000000100000000)
  region size 1024K, 4 young (4096K), 4 survivors (4096K)
 Metaspace       used 141629K, committed 142464K, reserved 1179648K
  class space    used 18387K, committed 18816K, reserved 1048576K
}
Event: 46.604 GC heap before
{Heap before GC invocations=66 (full 0):
 garbage-first heap   total 271360K, used 226145K [0x0000000080000000, 0x0000000100000000)
  region size 1024K, 46 young (47104K), 4 survivors (4096K)
 Metaspace       used 142066K, committed 142848K, reserved 1179648K
  class space    used 18412K, committed 18816K, reserved 1048576K
}

